The number of records per publication year:
************************************************************
+----+-----+
|year|count|
+----+-----+
|2002|   17|
|2003|  299|
|2004|  134|
|2005|  110|
|2006|  116|
|2007|  125|
|2008|  111|
|2009|  103|
|2010|10287|
|2011|12113|
|2012| 4894|
|2013| 5060|
|2014| 3417|
|2015| 4146|
|2016| 6307|
|2017| 7027|
|2018| 7526|
|2019| 4314|
|2020| 4916|
|2021| 3178|
+----+-----+

The number of records per typology:
************************************************************
+--------------------+-----+
|            typology|count|
+--------------------+-----+
|  bi_bachelor_thesis|   17|
|     bi_dissertation| 2219|
|    bi_master_thesis|   80|
|   bi_postdoc_thesis|   12|
|           blog_post|  116|
|                book| 2201|
|        book_chapter|14084|
|         book_editor| 1842|
|          conference| 6355|
| conference_abstract| 2519|
|   conference_editor|  169|
|        dissertation| 3462|
|encyclopedia_article|  810|
|     journal_article|34207|
|      journal_editor|  353|
|   newspaper_article|  563|
|              patent|   94|
|            preprint|  441|
|              report|  866|
|       research_data|  355|
+--------------------+-----+
only showing top 20 rows

Number of records per author:
************************************************************
+--------------------+-----+
|             authors|count|
+--------------------+-----+
|     doris schaeffer|  643|
|        helge ritter|  571|
|       alfred pühler|  566|
|  hans-ulrich wehler|  557|
|       thomas schack|  546|
|franz-xaver kaufmann|  524|
|        achim müller|  521|
| hans-georg stammler|  500|
|         stefan kühl|  429|
|        oliver razum|  410|
|      ulrich rückert|  408|
|     frithjof karsch|  405|
|      peter weingart|  398|
|    alexander krämer|  394|
|      barbara hammer|  394|
|     martin heinrich|  394|
|      norbert sewald|  393|
|       beate neumann|  386|
|     jörn kalinowski|  384|
|      ipke wachsmuth|  375|
+--------------------+-----+
only showing top 20 rows

Number of records per ORCID identified author:
************************************************************
+--------------------+-----+
|        orci_authors|count|
+--------------------+-----+
|orcid:0000-0003-4...|  560|
|orcid:0000-0003-0...|  520|
|orcid:0000-0002-0...|  393|
|orcid:0000-0002-0...|  365|
|orcid:0000-0001-8...|  357|
|orcid:0000-0003-2...|  355|
|orcid:0000-0002-8...|  349|
|orcid:0000-0002-4...|  332|
|orcid:0000-0001-7...|  317|
|orcid:0000-0002-4...|  296|
|orcid:0000-0003-3...|  274|
|orcid:0000-0002-4...|  271|
|orcid:0000-0002-8...|  257|
|orcid:0000-0002-8...|  246|
|orcid:0000-0002-9...|  244|
|orcid:0000-0003-2...|  231|
|orcid:0000-0002-4...|  221|
|orcid:0000-0001-8...|  221|
|orcid:0000-0003-1...|  218|
|orcid:0000-0001-6...|  216|
+--------------------+-----+
only showing top 20 rows

The number of Journal Articles produced since 1985, grouped by intervals of 5 years:
************************************************************
+-------------+-----+
|  years_group|count|
+-------------+-----+
|2000<=y<=2005|  560|
|2005<=y<=2010|10742|
|2010<=y<=2015|29630|
|2015<=y<=2020|30090|
|2020<=y<=2025| 3178|
+-------------+-----+

